<?xml version="1.0" encoding="UTF-8"?>
<testsuite name="com.pastillasCreator.pill_box.herramientas.ObjectComparatorTest" tests="1" skipped="0" failures="0" errors="0" timestamp="2022-05-02T12:28:12" hostname="DESKTOP-SANTO" time="0.001">
  <properties/>
  <testcase name="testCompareObjects" classname="com.pastillasCreator.pill_box.herramientas.ObjectComparatorTest" time="0.001"/>
  <system-out><![CDATA[]]></system-out>
  <system-err><![CDATA[]]></system-err>
</testsuite>
