<?xml version="1.0" encoding="UTF-8"?>
<testsuite name="com.pastillasCreator.pill_box.herramientas.DateManipulatorTest" tests="2" skipped="0" failures="0" errors="0" timestamp="2022-05-02T12:28:12" hostname="DESKTOP-SANTO" time="0.002">
  <properties/>
  <testcase name="testDateFromStringToLocalDateTime" classname="com.pastillasCreator.pill_box.herramientas.DateManipulatorTest" time="0.001"/>
  <testcase name="testInTimeToStringValue" classname="com.pastillasCreator.pill_box.herramientas.DateManipulatorTest" time="0.001"/>
  <system-out><![CDATA[]]></system-out>
  <system-err><![CDATA[]]></system-err>
</testsuite>
