<?xml version="1.0" encoding="UTF-8"?>
<testsuite name="com.pastillasCreator.pill_box.elementosCalendario.CalendarElementTest" tests="10" skipped="0" failures="0" errors="0" timestamp="2022-05-02T12:28:12" hostname="DESKTOP-SANTO" time="0.002">
  <properties/>
  <testcase name="testSetDescription" classname="com.pastillasCreator.pill_box.elementosCalendario.CalendarElementTest" time="0.0"/>
  <testcase name="testGetMinuteFormat" classname="com.pastillasCreator.pill_box.elementosCalendario.CalendarElementTest" time="0.001"/>
  <testcase name="testGetHour" classname="com.pastillasCreator.pill_box.elementosCalendario.CalendarElementTest" time="0.0"/>
  <testcase name="testGetName" classname="com.pastillasCreator.pill_box.elementosCalendario.CalendarElementTest" time="0.0"/>
  <testcase name="testGetDayFormatted" classname="com.pastillasCreator.pill_box.elementosCalendario.CalendarElementTest" time="0.0"/>
  <testcase name="testGetDescription" classname="com.pastillasCreator.pill_box.elementosCalendario.CalendarElementTest" time="0.0"/>
  <testcase name="testGetStringShowingDate" classname="com.pastillasCreator.pill_box.elementosCalendario.CalendarElementTest" time="0.001"/>
  <testcase name="testChange" classname="com.pastillasCreator.pill_box.elementosCalendario.CalendarElementTest" time="0.0"/>
  <testcase name="testEquals" classname="com.pastillasCreator.pill_box.elementosCalendario.CalendarElementTest" time="0.0"/>
  <testcase name="testSetName" classname="com.pastillasCreator.pill_box.elementosCalendario.CalendarElementTest" time="0.0"/>
  <system-out><![CDATA[]]></system-out>
  <system-err><![CDATA[]]></system-err>
</testsuite>
